running egg_info
creating ../../build/saf_tcpserver/saf_tcpserver.egg-info
writing ../../build/saf_tcpserver/saf_tcpserver.egg-info/PKG-INFO
writing dependency_links to ../../build/saf_tcpserver/saf_tcpserver.egg-info/dependency_links.txt
writing entry points to ../../build/saf_tcpserver/saf_tcpserver.egg-info/entry_points.txt
writing requirements to ../../build/saf_tcpserver/saf_tcpserver.egg-info/requires.txt
writing top-level names to ../../build/saf_tcpserver/saf_tcpserver.egg-info/top_level.txt
writing manifest file '../../build/saf_tcpserver/saf_tcpserver.egg-info/SOURCES.txt'
reading manifest file '../../build/saf_tcpserver/saf_tcpserver.egg-info/SOURCES.txt'
adding license file 'LICENSE'
writing manifest file '../../build/saf_tcpserver/saf_tcpserver.egg-info/SOURCES.txt'
running build
running build_py
creating /home/mathias/saf_ws/build/saf_tcpserver/build
creating /home/mathias/saf_ws/build/saf_tcpserver/build/lib
creating /home/mathias/saf_ws/build/saf_tcpserver/build/lib/saf_tcpserver
copying saf_tcpserver/publisher.py -> /home/mathias/saf_ws/build/saf_tcpserver/build/lib/saf_tcpserver
copying saf_tcpserver/__init__.py -> /home/mathias/saf_ws/build/saf_tcpserver/build/lib/saf_tcpserver
copying saf_tcpserver/subscriber.py -> /home/mathias/saf_ws/build/saf_tcpserver/build/lib/saf_tcpserver
running install
running install_lib
creating /home/mathias/saf_ws/install/saf_tcpserver/lib/python3.12/site-packages/saf_tcpserver
copying /home/mathias/saf_ws/build/saf_tcpserver/build/lib/saf_tcpserver/publisher.py -> /home/mathias/saf_ws/install/saf_tcpserver/lib/python3.12/site-packages/saf_tcpserver
copying /home/mathias/saf_ws/build/saf_tcpserver/build/lib/saf_tcpserver/__init__.py -> /home/mathias/saf_ws/install/saf_tcpserver/lib/python3.12/site-packages/saf_tcpserver
copying /home/mathias/saf_ws/build/saf_tcpserver/build/lib/saf_tcpserver/subscriber.py -> /home/mathias/saf_ws/install/saf_tcpserver/lib/python3.12/site-packages/saf_tcpserver
byte-compiling /home/mathias/saf_ws/install/saf_tcpserver/lib/python3.12/site-packages/saf_tcpserver/publisher.py to publisher.cpython-312.pyc
byte-compiling /home/mathias/saf_ws/install/saf_tcpserver/lib/python3.12/site-packages/saf_tcpserver/__init__.py to __init__.cpython-312.pyc
byte-compiling /home/mathias/saf_ws/install/saf_tcpserver/lib/python3.12/site-packages/saf_tcpserver/subscriber.py to subscriber.cpython-312.pyc
running install_data
creating /home/mathias/saf_ws/install/saf_tcpserver/share
creating /home/mathias/saf_ws/install/saf_tcpserver/share/ament_index
creating /home/mathias/saf_ws/install/saf_tcpserver/share/ament_index/resource_index
creating /home/mathias/saf_ws/install/saf_tcpserver/share/ament_index/resource_index/packages
error: can't copy 'resource/saf_tcpserver': doesn't exist or not a regular file
