[0.315s] DEBUG:colcon:Command line arguments: ['/usr/bin/colcon', 'build']
[0.315s] DEBUG:colcon:Parsed command line arguments: Namespace(log_base=None, log_level=None, verb_name='build', build_base='build', install_base='install', merge_install=False, symlink_install=False, test_result_base=None, continue_on_error=False, executor='parallel', parallel_workers=8, event_handlers=None, ignore_user_meta=False, metas=['./colcon.meta'], base_paths=['.'], packages_ignore=None, packages_ignore_regex=None, paths=None, packages_up_to=None, packages_up_to_regex=None, packages_above=None, packages_above_and_dependencies=None, packages_above_depth=None, packages_select_by_dep=None, packages_skip_by_dep=None, packages_skip_up_to=None, packages_select_build_failed=False, packages_skip_build_finished=False, packages_select_test_failures=False, packages_skip_test_passed=False, packages_select=None, packages_skip=None, packages_select_regex=None, packages_skip_regex=None, packages_start=None, packages_end=None, allow_overriding=[], cmake_args=None, cmake_target=None, cmake_target_skip_unavailable=False, cmake_clean_cache=False, cmake_clean_first=False, cmake_force_configure=False, ament_cmake_args=None, catkin_cmake_args=None, catkin_skip_building_tests=False, mixin_files=None, mixin=None, verb_parser=<colcon_mixin.mixin.mixin_argument.MixinArgumentDecorator object at 0x76c64ceeca70>, verb_extension=<colcon_core.verb.build.BuildVerb object at 0x76c64ceec800>, main=<bound method BuildVerb.main of <colcon_core.verb.build.BuildVerb object at 0x76c64ceec800>>, mixin_verb=('build',))
[0.401s] Level 1:colcon.colcon_core.package_discovery:discover_packages(colcon_meta) check parameters
[0.401s] Level 1:colcon.colcon_core.package_discovery:discover_packages(recursive) check parameters
[0.401s] Level 1:colcon.colcon_core.package_discovery:discover_packages(ignore) check parameters
[0.401s] Level 1:colcon.colcon_core.package_discovery:discover_packages(path) check parameters
[0.401s] Level 1:colcon.colcon_core.package_discovery:discover_packages(colcon_meta) discover
[0.401s] Level 1:colcon.colcon_core.package_discovery:discover_packages(recursive) discover
[0.401s] INFO:colcon.colcon_core.package_discovery:Crawling recursively for packages in '/home/mathias/saf_ws'
[0.401s] Level 1:colcon.colcon_core.package_identification:_identify(.) by extensions ['ignore', 'ignore_ament_install']
[0.401s] Level 1:colcon.colcon_core.package_identification:_identify(.) by extension 'ignore'
[0.402s] Level 1:colcon.colcon_core.package_identification:_identify(.) by extension 'ignore_ament_install'
[0.402s] Level 1:colcon.colcon_core.package_identification:_identify(.) by extensions ['colcon_pkg']
[0.402s] Level 1:colcon.colcon_core.package_identification:_identify(.) by extension 'colcon_pkg'
[0.402s] Level 1:colcon.colcon_core.package_identification:_identify(.) by extensions ['colcon_meta']
[0.402s] Level 1:colcon.colcon_core.package_identification:_identify(.) by extension 'colcon_meta'
[0.402s] Level 1:colcon.colcon_core.package_identification:_identify(.) by extensions ['ros']
[0.402s] Level 1:colcon.colcon_core.package_identification:_identify(.) by extension 'ros'
[0.451s] Level 1:colcon.colcon_core.package_identification:_identify(.) by extensions ['cmake', 'python']
[0.451s] Level 1:colcon.colcon_core.package_identification:_identify(.) by extension 'cmake'
[0.451s] Level 1:colcon.colcon_core.package_identification:_identify(.) by extension 'python'
[0.451s] Level 1:colcon.colcon_core.package_identification:_identify(.) by extensions ['python_setup_py']
[0.451s] Level 1:colcon.colcon_core.package_identification:_identify(.) by extension 'python_setup_py'
[0.451s] Level 1:colcon.colcon_core.package_identification:_identify(build) by extensions ['ignore', 'ignore_ament_install']
[0.451s] Level 1:colcon.colcon_core.package_identification:_identify(build) by extension 'ignore'
[0.451s] Level 1:colcon.colcon_core.package_identification:_identify(build) ignored
[0.452s] Level 1:colcon.colcon_core.package_identification:_identify(install) by extensions ['ignore', 'ignore_ament_install']
[0.452s] Level 1:colcon.colcon_core.package_identification:_identify(install) by extension 'ignore'
[0.452s] Level 1:colcon.colcon_core.package_identification:_identify(install) ignored
[0.452s] Level 1:colcon.colcon_core.package_identification:_identify(log) by extensions ['ignore', 'ignore_ament_install']
[0.452s] Level 1:colcon.colcon_core.package_identification:_identify(log) by extension 'ignore'
[0.452s] Level 1:colcon.colcon_core.package_identification:_identify(log) ignored
[0.452s] Level 1:colcon.colcon_core.package_identification:_identify(src) by extensions ['ignore', 'ignore_ament_install']
[0.452s] Level 1:colcon.colcon_core.package_identification:_identify(src) by extension 'ignore'
[0.452s] Level 1:colcon.colcon_core.package_identification:_identify(src) by extension 'ignore_ament_install'
[0.452s] Level 1:colcon.colcon_core.package_identification:_identify(src) by extensions ['colcon_pkg']
[0.452s] Level 1:colcon.colcon_core.package_identification:_identify(src) by extension 'colcon_pkg'
[0.453s] Level 1:colcon.colcon_core.package_identification:_identify(src) by extensions ['colcon_meta']
[0.453s] Level 1:colcon.colcon_core.package_identification:_identify(src) by extension 'colcon_meta'
[0.453s] Level 1:colcon.colcon_core.package_identification:_identify(src) by extensions ['ros']
[0.453s] Level 1:colcon.colcon_core.package_identification:_identify(src) by extension 'ros'
[0.453s] Level 1:colcon.colcon_core.package_identification:_identify(src) by extensions ['cmake', 'python']
[0.453s] Level 1:colcon.colcon_core.package_identification:_identify(src) by extension 'cmake'
[0.453s] Level 1:colcon.colcon_core.package_identification:_identify(src) by extension 'python'
[0.453s] Level 1:colcon.colcon_core.package_identification:_identify(src) by extensions ['python_setup_py']
[0.453s] Level 1:colcon.colcon_core.package_identification:_identify(src) by extension 'python_setup_py'
[0.453s] Level 1:colcon.colcon_core.package_identification:_identify(src/saf_tcpserver) by extensions ['ignore', 'ignore_ament_install']
[0.453s] Level 1:colcon.colcon_core.package_identification:_identify(src/saf_tcpserver) by extension 'ignore'
[0.453s] Level 1:colcon.colcon_core.package_identification:_identify(src/saf_tcpserver) by extension 'ignore_ament_install'
[0.453s] Level 1:colcon.colcon_core.package_identification:_identify(src/saf_tcpserver) by extensions ['colcon_pkg']
[0.453s] Level 1:colcon.colcon_core.package_identification:_identify(src/saf_tcpserver) by extension 'colcon_pkg'
[0.453s] Level 1:colcon.colcon_core.package_identification:_identify(src/saf_tcpserver) by extensions ['colcon_meta']
[0.453s] Level 1:colcon.colcon_core.package_identification:_identify(src/saf_tcpserver) by extension 'colcon_meta'
[0.454s] Level 1:colcon.colcon_core.package_identification:_identify(src/saf_tcpserver) by extensions ['ros']
[0.454s] Level 1:colcon.colcon_core.package_identification:_identify(src/saf_tcpserver) by extension 'ros'
[0.459s] DEBUG:colcon.colcon_core.package_identification:Found ROS schema reference in package manifest in 'src/saf_tcpserver'
[0.459s] WARNING:colcon.colcon_core.package_identification:Failed to parse ROS package manifest in 'src/saf_tcpserver': Error(s) in package 'src/saf_tcpserver/package.xml':
Error(s):
- The generic dependency on 'rclpy' is redundant with: exec_depend
[0.459s] Level 1:colcon.colcon_core.package_identification:_identify(src/saf_tcpserver) by extensions ['cmake', 'python']
[0.459s] Level 1:colcon.colcon_core.package_identification:_identify(src/saf_tcpserver) by extension 'cmake'
[0.459s] Level 1:colcon.colcon_core.package_identification:_identify(src/saf_tcpserver) by extension 'python'
[0.459s] DEBUG:colcon.colcon_core.package_identification:Python package in 'src/saf_tcpserver' passes arguments to the setup() function which requires a different identification extension than 'python'
[0.459s] Level 1:colcon.colcon_core.package_identification:_identify(src/saf_tcpserver) by extensions ['python_setup_py']
[0.459s] Level 1:colcon.colcon_core.package_identification:_identify(src/saf_tcpserver) by extension 'python_setup_py'
[0.861s] DEBUG:colcon.colcon_core.package_identification:Package 'src/saf_tcpserver' with type 'python' and name 'saf_tcpserver'
[0.861s] Level 1:colcon.colcon_core.package_discovery:discover_packages(recursive) using defaults
[0.862s] Level 1:colcon.colcon_core.package_discovery:discover_packages(ignore) discover
[0.862s] Level 1:colcon.colcon_core.package_discovery:discover_packages(ignore) using defaults
[0.862s] Level 1:colcon.colcon_core.package_discovery:discover_packages(path) discover
[0.862s] Level 1:colcon.colcon_core.package_discovery:discover_packages(path) using defaults
[0.899s] Level 1:colcon.colcon_core.package_discovery:discover_packages(prefix_path) check parameters
[0.899s] Level 1:colcon.colcon_core.package_discovery:discover_packages(prefix_path) discover
[0.909s] DEBUG:colcon.colcon_installed_package_information.package_discovery:Found 528 installed packages in /opt/ros/jazzy
[0.913s] Level 1:colcon.colcon_core.package_discovery:discover_packages(prefix_path) using defaults
[1.097s] Level 5:colcon.colcon_core.verb:set package 'saf_tcpserver' build argument 'cmake_args' from command line to 'None'
[1.098s] Level 5:colcon.colcon_core.verb:set package 'saf_tcpserver' build argument 'cmake_target' from command line to 'None'
[1.098s] Level 5:colcon.colcon_core.verb:set package 'saf_tcpserver' build argument 'cmake_target_skip_unavailable' from command line to 'False'
[1.098s] Level 5:colcon.colcon_core.verb:set package 'saf_tcpserver' build argument 'cmake_clean_cache' from command line to 'False'
[1.098s] Level 5:colcon.colcon_core.verb:set package 'saf_tcpserver' build argument 'cmake_clean_first' from command line to 'False'
[1.098s] Level 5:colcon.colcon_core.verb:set package 'saf_tcpserver' build argument 'cmake_force_configure' from command line to 'False'
[1.098s] Level 5:colcon.colcon_core.verb:set package 'saf_tcpserver' build argument 'ament_cmake_args' from command line to 'None'
[1.098s] Level 5:colcon.colcon_core.verb:set package 'saf_tcpserver' build argument 'catkin_cmake_args' from command line to 'None'
[1.098s] Level 5:colcon.colcon_core.verb:set package 'saf_tcpserver' build argument 'catkin_skip_building_tests' from command line to 'False'
[1.098s] DEBUG:colcon.colcon_core.verb:Building package 'saf_tcpserver' with the following arguments: {'ament_cmake_args': None, 'build_base': '/home/mathias/saf_ws/build/saf_tcpserver', 'catkin_cmake_args': None, 'catkin_skip_building_tests': False, 'cmake_args': None, 'cmake_clean_cache': False, 'cmake_clean_first': False, 'cmake_force_configure': False, 'cmake_target': None, 'cmake_target_skip_unavailable': False, 'install_base': '/home/mathias/saf_ws/install/saf_tcpserver', 'merge_install': False, 'path': '/home/mathias/saf_ws/src/saf_tcpserver', 'symlink_install': False, 'test_result_base': None}
[1.098s] INFO:colcon.colcon_core.executor:Executing jobs using 'parallel' executor
[1.100s] DEBUG:colcon.colcon_parallel_executor.executor.parallel:run_until_complete
[1.100s] INFO:colcon.colcon_core.task.python.build:Building Python package in '/home/mathias/saf_ws/src/saf_tcpserver'
[1.104s] INFO:colcon.colcon_core.plugin_system:Skipping extension 'colcon_core.shell.bat': Not used on non-Windows systems
[1.105s] INFO:colcon.colcon_core.shell:Skip shell extension 'powershell' for command environment: Not usable outside of PowerShell
[1.105s] DEBUG:colcon.colcon_core.shell:Skip shell extension 'dsv' for command environment
[2.889s] DEBUG:colcon.colcon_core.event_handler.log_command:Invoking command in '/home/mathias/saf_ws/src/saf_tcpserver': DEBUGINFOD_URLS=https://debuginfod.ubuntu.com PYTHONPATH=/home/mathias/saf_ws/build/saf_tcpserver/prefix_override:/usr/lib/python3/dist-packages/colcon_core/task/python/colcon_distutils_commands:/home/mathias/saf_ws/install/saf_tcpserver/lib/python3.12/site-packages:${PYTHONPATH} /usr/bin/python3 -W ignore:setup.py install is deprecated -W ignore:easy_install command is deprecated setup.py egg_info --egg-base ../../build/saf_tcpserver build --build-base /home/mathias/saf_ws/build/saf_tcpserver/build install --record /home/mathias/saf_ws/build/saf_tcpserver/install.log --single-version-externally-managed install_data
[3.637s] DEBUG:colcon.colcon_core.event_handler.log_command:Invoked command in '/home/mathias/saf_ws/src/saf_tcpserver' returned '1': DEBUGINFOD_URLS=https://debuginfod.ubuntu.com PYTHONPATH=/home/mathias/saf_ws/build/saf_tcpserver/prefix_override:/usr/lib/python3/dist-packages/colcon_core/task/python/colcon_distutils_commands:/home/mathias/saf_ws/install/saf_tcpserver/lib/python3.12/site-packages:${PYTHONPATH} /usr/bin/python3 -W ignore:setup.py install is deprecated -W ignore:easy_install command is deprecated setup.py egg_info --egg-base ../../build/saf_tcpserver build --build-base /home/mathias/saf_ws/build/saf_tcpserver/build install --record /home/mathias/saf_ws/build/saf_tcpserver/install.log --single-version-externally-managed install_data
[3.647s] DEBUG:colcon.colcon_parallel_executor.executor.parallel:closing loop
[3.647s] DEBUG:colcon.colcon_parallel_executor.executor.parallel:loop closed
[3.647s] DEBUG:colcon.colcon_parallel_executor.executor.parallel:run_until_complete finished with '1'
[3.647s] DEBUG:colcon.colcon_core.event_reactor:joining thread
[3.661s] INFO:colcon.colcon_core.plugin_system:Skipping extension 'colcon_notification.desktop_notification.terminal_notifier': Not used on non-Darwin systems
[3.661s] INFO:colcon.colcon_core.plugin_system:Skipping extension 'colcon_notification.desktop_notification.win32': Not used on non-Windows systems
[3.661s] INFO:colcon.colcon_notification.desktop_notification:Sending desktop notification using 'notify2'
[3.683s] DEBUG:colcon.colcon_core.event_reactor:joined thread
[3.683s] INFO:colcon.colcon_core.shell:Creating prefix script '/home/mathias/saf_ws/install/local_setup.ps1'
[3.685s] INFO:colcon.colcon_core.shell:Creating prefix util module '/home/mathias/saf_ws/install/_local_setup_util_ps1.py'
[3.688s] INFO:colcon.colcon_core.shell:Creating prefix chain script '/home/mathias/saf_ws/install/setup.ps1'
[3.690s] INFO:colcon.colcon_core.shell:Creating prefix script '/home/mathias/saf_ws/install/local_setup.sh'
[3.692s] INFO:colcon.colcon_core.shell:Creating prefix util module '/home/mathias/saf_ws/install/_local_setup_util_sh.py'
[3.693s] INFO:colcon.colcon_core.shell:Creating prefix chain script '/home/mathias/saf_ws/install/setup.sh'
[3.695s] INFO:colcon.colcon_core.shell:Creating prefix script '/home/mathias/saf_ws/install/local_setup.bash'
[3.696s] INFO:colcon.colcon_core.shell:Creating prefix chain script '/home/mathias/saf_ws/install/setup.bash'
[3.698s] INFO:colcon.colcon_core.shell:Creating prefix script '/home/mathias/saf_ws/install/local_setup.zsh'
[3.699s] INFO:colcon.colcon_core.shell:Creating prefix chain script '/home/mathias/saf_ws/install/setup.zsh'
