[1.890s] Invoking command in '/home/mathias/saf_ws/src/saf_tcpserver': DEBUGINFOD_URLS=https://debuginfod.ubuntu.com PYTHONPATH=/home/mathias/saf_ws/build/saf_tcpserver/prefix_override:/usr/lib/python3/dist-packages/colcon_core/task/python/colcon_distutils_commands:/home/mathias/saf_ws/install/saf_tcpserver/lib/python3.12/site-packages:${PYTHONPATH} /usr/bin/python3 -W ignore:setup.py install is deprecated -W ignore:easy_install command is deprecated setup.py egg_info --egg-base ../../build/saf_tcpserver build --build-base /home/mathias/saf_ws/build/saf_tcpserver/build install --record /home/mathias/saf_ws/build/saf_tcpserver/install.log --single-version-externally-managed install_data
[2.420s] running egg_info
[2.466s] writing ../../build/saf_tcpserver/saf_tcpserver.egg-info/PKG-INFO
[2.466s] writing dependency_links to ../../build/saf_tcpserver/saf_tcpserver.egg-info/dependency_links.txt
[2.466s] deleting ../../build/saf_tcpserver/saf_tcpserver.egg-info/entry_points.txt
[2.466s] writing requirements to ../../build/saf_tcpserver/saf_tcpserver.egg-info/requires.txt
[2.467s] writing top-level names to ../../build/saf_tcpserver/saf_tcpserver.egg-info/top_level.txt
[2.559s] reading manifest file '../../build/saf_tcpserver/saf_tcpserver.egg-info/SOURCES.txt'
[2.559s] adding license file 'LICENSE'
[2.560s] writing manifest file '../../build/saf_tcpserver/saf_tcpserver.egg-info/SOURCES.txt'
[2.560s] running build
[2.560s] running build_py
[2.561s] copying saf_tcpserver/__init__.py -> /home/mathias/saf_ws/build/saf_tcpserver/build/lib/saf_tcpserver
[2.561s] running install
[2.571s] running install_lib
[2.617s] copying /home/mathias/saf_ws/build/saf_tcpserver/build/lib/saf_tcpserver/__init__.py -> /home/mathias/saf_ws/install/saf_tcpserver/lib/python3.12/site-packages/saf_tcpserver
[2.618s] byte-compiling /home/mathias/saf_ws/install/saf_tcpserver/lib/python3.12/site-packages/saf_tcpserver/__init__.py to __init__.cpython-312.pyc
[2.618s] running install_data
[2.618s] copying resource/saf_tcpserver -> /home/mathias/saf_ws/install/saf_tcpserver/share/ament_index/resource_index/packages
[2.619s] copying package.xml -> /home/mathias/saf_ws/install/saf_tcpserver/share/saf_tcpserver
[2.619s] running install_egg_info
[2.666s] Copying ../../build/saf_tcpserver/saf_tcpserver.egg-info to /home/mathias/saf_ws/install/saf_tcpserver/lib/python3.12/site-packages/saf_tcpserver-0.0.0-py3.12.egg-info
[2.667s] running install_scripts
[2.939s] writing list of installed files to '/home/mathias/saf_ws/build/saf_tcpserver/install.log'
[2.986s] Invoked command in '/home/mathias/saf_ws/src/saf_tcpserver' returned '0': DEBUGINFOD_URLS=https://debuginfod.ubuntu.com PYTHONPATH=/home/mathias/saf_ws/build/saf_tcpserver/prefix_override:/usr/lib/python3/dist-packages/colcon_core/task/python/colcon_distutils_commands:/home/mathias/saf_ws/install/saf_tcpserver/lib/python3.12/site-packages:${PYTHONPATH} /usr/bin/python3 -W ignore:setup.py install is deprecated -W ignore:easy_install command is deprecated setup.py egg_info --egg-base ../../build/saf_tcpserver build --build-base /home/mathias/saf_ws/build/saf_tcpserver/build install --record /home/mathias/saf_ws/build/saf_tcpserver/install.log --single-version-externally-managed install_data
